<?xml version="1.0" encoding="UTF-8"?>
<testsuite xmlns:xsi="http://www.w3.org/2001/XMLSchema-instance" xsi:noNamespaceSchemaLocation="https://maven.apache.org/surefire/maven-surefire-plugin/xsd/surefire-test-report-3.0.xsd" version="3.0" name="g10.rbtree.ArvoreRubroNegraTest" time="0.161" tests="5" errors="0" skipped="0" failures="0">
  <properties>
[...]
</properties>
  <testcase name="emOrdemOrdenado" classname="g10.rbtree.ArvoreRubroNegraTest" time="0.082"/>
  <testcase name="minimoEMaximo" classname="g10.rbtree.ArvoreRubroNegraTest" time="0.002"/>
  <testcase name="inserirEBuscar" classname="g10.rbtree.ArvoreRubroNegraTest" time="0.003"/>
  <testcase name="atualizaValorExistente" classname="g10.rbtree.ArvoreRubroNegraTest" time="0.002"/>
  <testcase name="removerVariasChaves" classname="g10.rbtree.ArvoreRubroNegraTest" time="0.007"/>
</testsuite>